Vikings squad:
Enemies squad:


Turn 1:
Vikings squad size: 28; Enemies squad size: 28.

Gaukgest Ysfredsson versus Strudrik Hjartlambisson:
Gaukgest Ysfredsson tries to smash the skull of Strudrik Hjartlambisson.
Gaukgest Ysfredsson attacks were dodged or blocked by Strudrik Hjartlambisson.

Strudrik Hjartlambisson attempts to cut in half Gaukgest Ysfredsson.
Strudrik Hjartlambisson strike smashes the ground nearby Gaukgest Ysfredsson.



fem_name_here Gudsursdottir versus Vevardi Sjorkgestsson:
fem_name_here Gudsursdottir rushes on Vevardi Sjorkgestsson.
fem_name_here Gudsursdottir strike reaches Vevardi Sjorkgestsson.
Vevardi Sjorkgestsson grimaces in pain. Hit was serious enough to leave a deep cut.

Vevardi Sjorkgestsson rushes on fem_name_here Gudsursdottir.
Vevardi Sjorkgestsson strike smashes the ground nearby fem_name_here Gudsursdottir.



Hrutmod Ketilholmsson versus fem_name_here Jorbergsdottir:
Hrutmod Ketilholmsson tries to smash the skull of fem_name_here Jorbergsdottir.
Hrutmod Ketilholmsson strike smashes the ground nearby fem_name_here Jorbergsdottir.

fem_name_here Jorbergsdottir tries to smash the skull of Hrutmod Ketilholmsson.
fem_name_here Jorbergsdottir strike smashes the ground nearby Hrutmod Ketilholmsson.



fem_name_here Mjordvaldsdottir versus Gudhring Seunnvirsson:
fem_name_here Mjordvaldsdottir puts all the power in the blow on Gudhring Seunnvirsson.
fem_name_here Mjordvaldsdottir strike reaches Gudhring Seunnvirsson.
Gudhring Seunnvirsson grimaces in pain. Hit was serious enough to leave a deep cut.

Gudhring Seunnvirsson puts all the power in the blow on fem_name_here Mjordvaldsdottir.
Gudhring Seunnvirsson strike was parried by fem_name_here Mjordvaldsdottir.



fem_name_here Skjoldrjuggsdottir versus Helgmari Gudgudisson:
Helgmari Gudgudisson attempts to cut in half fem_name_here Skjoldrjuggsdottir.
Helgmari Gudgudisson strike smashes the ground nearby fem_name_here Skjoldrjuggsdottir.

fem_name_here Skjoldrjuggsdottir rushes on Helgmari Gudgudisson.
fem_name_here Skjoldrjuggsdottir attacks were dodged or blocked by Helgmari Gudgudisson.



fem_name_here Harljotsdottir versus fem_name_here Ragnsverresdottir:
fem_name_here Harljotsdottir attempts to cut in half fem_name_here Ragnsverresdottir.
fem_name_here Harljotsdottir attacks were dodged or blocked by fem_name_here Ragnsverresdottir.

fem_name_here Ragnsverresdottir puts all the power in the blow on fem_name_here Harljotsdottir.
fem_name_here Ragnsverresdottir blow hits fem_name_here Harljotsdottir.
fem_name_here Harljotsdottir falls to the knees holding the wound.



fem_name_here Skeivhrodsdottir versus fem_name_here Haleiksdottir:
fem_name_here Skeivhrodsdottir tries to smash the skull of fem_name_here Haleiksdottir.
fem_name_here Skeivhrodsdottir blow hits fem_name_here Haleiksdottir.
fem_name_here Haleiksdottir clamps the wound made by that hit.

fem_name_here Haleiksdottir unleashes a hail of blows on fem_name_here Skeivhrodsdottir.
fem_name_here Haleiksdottir attacks were dodged or blocked by fem_name_here Skeivhrodsdottir.



fem_name_here Hedottsdottir versus fem_name_here Gislottsdottir:
fem_name_here Hedottsdottir rushes on fem_name_here Gislottsdottir.
fem_name_here Hedottsdottir some strikes reach fem_name_here Gislottsdottir.
fem_name_here Gislottsdottir tries to keep standing after that hit..

fem_name_here Gislottsdottir attempts to cut in half fem_name_here Hedottsdottir.
fem_name_here Gislottsdottir strike was dodged by fem_name_here Hedottsdottir.



Mjordsvein Holmtjorsson versus Helmulf Audfredsson:
Helmulf Audfredsson tries to smash the skull of Mjordsvein Holmtjorsson.
Helmulf Audfredsson attacks were dodged or blocked by Mjordsvein Holmtjorsson.

Mjordsvein Holmtjorsson attempts to cut in half Helmulf Audfredsson.
Mjordsvein Holmtjorsson blow flew near  Helmulf Audfredsson.



Akgad Ormkjalsson versus fem_name_here Hemmdjarvisdottir:
Akgad Ormkjalsson unleashes a hail of blows on fem_name_here Hemmdjarvisdottir.
Akgad Ormkjalsson blow hits fem_name_here Hemmdjarvisdottir.
fem_name_here Hemmdjarvisdottir grimaces in pain. Hit was serious enough to leave a deep cut.

fem_name_here Hemmdjarvisdottir rushes on Akgad Ormkjalsson.
fem_name_here Hemmdjarvisdottir strike was parried by Akgad Ormkjalsson.



fem_name_here Torginsdottir versus Galmagni Swanridisson:
Galmagni Swanridisson puts all the power in the blow on fem_name_here Torginsdottir.
Galmagni Swanridisson some strikes reach fem_name_here Torginsdottir.
fem_name_here Torginsdottir spits out a tooth and some blood.

fem_name_here Torginsdottir unleashes a hail of blows on Galmagni Swanridisson.
fem_name_here Torginsdottir strike was parried by Galmagni Swanridisson.



fem_name_here Trandvaldsdottir versus Garddun Traintjorvisson:
fem_name_here Trandvaldsdottir unleashes a hail of blows on Garddun Traintjorvisson.
fem_name_here Trandvaldsdottir blow reaches Garddun Traintjorvisson.
Garddun Traintjorvisson gets a wide cut from that hit.

Garddun Traintjorvisson tries to smash the skull of fem_name_here Trandvaldsdottir.
Garddun Traintjorvisson blow flew near  fem_name_here Trandvaldsdottir.



Eihelgi Skeivdorsson versus Garkuld Hiltorsson:
Garkuld Hiltorsson unleashes a hail of blows on Eihelgi Skeivdorsson.
Garkuld Hiltorsson strike was parried by Eihelgi Skeivdorsson.

Eihelgi Skeivdorsson attempts to cut in half Garkuld Hiltorsson.
Eihelgi Skeivdorsson blow reaches Garkuld Hiltorsson.
Garkuld Hiltorsson offers the opponent to try once more.



Swantrand Hjaltbergsson versus fem_name_here Trainolvsdottir:
fem_name_here Trainolvsdottir attempts to cut in half Swantrand Hjaltbergsson.
fem_name_here Trainolvsdottir blow hits Swantrand Hjaltbergsson.
Swantrand Hjaltbergsson spits out some blood and laughs.

Swantrand Hjaltbergsson attempts to cut in half fem_name_here Trainolvsdottir.
Swantrand Hjaltbergsson strike was dodged by fem_name_here Trainolvsdottir.



Osvberg Tursverresson versus Hrafnatli Swartgislisson:
Hrafnatli Swartgislisson unleashes a hail of blows on Osvberg Tursverresson.
Hrafnatli Swartgislisson blow flew near  Osvberg Tursverresson.

Osvberg Tursverresson tries to smash the skull of Hrafnatli Swartgislisson.
Osvberg Tursverresson strike smashes the ground nearby Hrafnatli Swartgislisson.



Njaltjost Skeivdarsson versus fem_name_here Brjondrunnsdottir:
fem_name_here Brjondrunnsdottir unleashes a hail of blows on Njaltjost Skeivdarsson.
fem_name_here Brjondrunnsdottir strike reaches Njaltjost Skeivdarsson.
Njaltjost Skeivdarsson gets a wide cut from that hit.

Njaltjost Skeivdarsson puts all the power in the blow on fem_name_here Brjondrunnsdottir.
Njaltjost Skeivdarsson strike was dodged by fem_name_here Brjondrunnsdottir.



fem_name_here Sneversdottir versus Hrappsjork Ottkjarsson:
Hrappsjork Ottkjarsson unleashes a hail of blows on fem_name_here Sneversdottir.
Hrappsjork Ottkjarsson blow hits fem_name_here Sneversdottir.
fem_name_here Sneversdottir offers the opponent to try once more.

fem_name_here Sneversdottir attempts to cut in half Hrappsjork Ottkjarsson.
fem_name_here Sneversdottir blow hits Hrappsjork Ottkjarsson.
Hrappsjork Ottkjarsson clamps the wound made by that hit.



Viklambi Hillambisson versus Haorm Endbrandsson:
Viklambi Hillambisson puts all the power in the blow on Haorm Endbrandsson.
Viklambi Hillambisson strike was parried by Haorm Endbrandsson.

Haorm Endbrandsson unleashes a hail of blows on Viklambi Hillambisson.
Haorm Endbrandsson attacks were dodged or blocked by Viklambi Hillambisson.



Nadhelgi Hroulfsson versus Gardgest Harsveinsson:
Gardgest Harsveinsson attempts to cut in half Nadhelgi Hroulfsson.
Gardgest Harsveinsson some strikes reach Nadhelgi Hroulfsson.
Nadhelgi Hroulfsson tries to keep standing after that hit..

Nadhelgi Hroulfsson attempts to cut in half Gardgest Harsveinsson.
Nadhelgi Hroulfsson strike smashes the ground nearby Gardgest Harsveinsson.



Tordulv Hedflosisson versus fem_name_here Snorrhringsdottir:
fem_name_here Snorrhringsdottir attempts to cut in half Tordulv Hedflosisson.
fem_name_here Snorrhringsdottir blow hits Tordulv Hedflosisson.
Tordulv Hedflosisson spits out some blood and laughs.

Tordulv Hedflosisson unleashes a hail of blows on fem_name_here Snorrhringsdottir.
Tordulv Hedflosisson strike was dodged by fem_name_here Snorrhringsdottir.



fem_name_here Vikbrandsdottir versus fem_name_here Duneidsdottir:
fem_name_here Duneidsdottir tries to smash the skull of fem_name_here Vikbrandsdottir.
fem_name_here Duneidsdottir strike was parried by fem_name_here Vikbrandsdottir.

fem_name_here Vikbrandsdottir rushes on fem_name_here Duneidsdottir.
fem_name_here Vikbrandsdottir some strikes reach fem_name_here Duneidsdottir.
fem_name_here Duneidsdottir wipes the blood and grins widely.



fem_name_here Egilgunnsdottir versus fem_name_here Brjondgrimsdottir:
fem_name_here Brjondgrimsdottir tries to smash the skull of fem_name_here Egilgunnsdottir.
fem_name_here Brjondgrimsdottir blow reaches fem_name_here Egilgunnsdottir.
fem_name_here Egilgunnsdottir taunts the opponent after taking that hit.

fem_name_here Egilgunnsdottir tries to smash the skull of fem_name_here Brjondgrimsdottir.
fem_name_here Egilgunnsdottir manages to hit fem_name_here Brjondgrimsdottir.
fem_name_here Brjondgrimsdottir spits out a tooth and some blood.



fem_name_here Vegadsdottir versus Knudsnatti Ulvgardsson:
fem_name_here Vegadsdottir puts all the power in the blow on Knudsnatti Ulvgardsson.
fem_name_here Vegadsdottir strike was parried by Knudsnatti Ulvgardsson.

Knudsnatti Ulvgardsson puts all the power in the blow on fem_name_here Vegadsdottir.
Knudsnatti Ulvgardsson blow flew near  fem_name_here Vegadsdottir.



fem_name_here Sottjorvisdottir versus Sveinmari Hjoskkelsson:
Sveinmari Hjoskkelsson puts all the power in the blow on fem_name_here Sottjorvisdottir.
Sveinmari Hjoskkelsson strike was parried by fem_name_here Sottjorvisdottir.

fem_name_here Sottjorvisdottir puts all the power in the blow on Sveinmari Hjoskkelsson.
fem_name_here Sottjorvisdottir attacks were dodged or blocked by Sveinmari Hjoskkelsson.



fem_name_here Melklodsdottir versus fem_name_here Havringsdottir:
fem_name_here Havringsdottir attempts to cut in half fem_name_here Melklodsdottir.
fem_name_here Havringsdottir strike was dodged by fem_name_here Melklodsdottir.

fem_name_here Melklodsdottir puts all the power in the blow on fem_name_here Havringsdottir.
fem_name_here Melklodsdottir blow flew near  fem_name_here Havringsdottir.



fem_name_here Brunlambisdottir versus fem_name_here Swartlaksdottir:
fem_name_here Brunlambisdottir puts all the power in the blow on fem_name_here Swartlaksdottir.
fem_name_here Brunlambisdottir some strikes reach fem_name_here Swartlaksdottir.
fem_name_here Swartlaksdottir falls to the knees holding the wound.

fem_name_here Swartlaksdottir unleashes a hail of blows on fem_name_here Brunlambisdottir.
fem_name_here Swartlaksdottir strike was dodged by fem_name_here Brunlambisdottir.



Kvistsverre Brandoddsson versus Trasfrid Havrginsson:
Kvistsverre Brandoddsson unleashes a hail of blows on Trasfrid Havrginsson.
Kvistsverre Brandoddsson strike smashes the ground nearby Trasfrid Havrginsson.

Trasfrid Havrginsson puts all the power in the blow on Kvistsverre Brandoddsson.
Trasfrid Havrginsson strike reaches Kvistsverre Brandoddsson.
Kvistsverre Brandoddsson taunts the opponent after taking that hit.



Holmeid Djarvtrandsson versus Galtatli Agatlisson:
Holmeid Djarvtrandsson unleashes a hail of blows on Galtatli Agatlisson.
Holmeid Djarvtrandsson strike was dodged by Galtatli Agatlisson.

Galtatli Agatlisson puts all the power in the blow on Holmeid Djarvtrandsson.
Galtatli Agatlisson blow flew near  Holmeid Djarvtrandsson.



Observing the battlefield after 1 round of fight:
Vikings squad:
Nadhelgi Hroulfsson dies;
fem_name_here Harljotsdottir dies;
Njaltjost Skeivdarsson dies;

Enemies squad:
fem_name_here Gislottsdottir dies;
fem_name_here Hemmdjarvisdottir dies;
Hrappsjork Ottkjarsson dies;
fem_name_here Swartlaksdottir dies;
Vevardi Sjorkgestsson dies;
Garddun Traintjorvisson dies;
fem_name_here Haleiksdottir dies;
Gudhring Seunnvirsson dies;



Turn 2:
Vikings squad size: 25; Enemies squad size: 20.

fem_name_here Vegadsdottir versus Strudrik Hjartlambisson:
Strudrik Hjartlambisson puts all the power in the blow on fem_name_here Vegadsdottir.
Strudrik Hjartlambisson strike was parried by fem_name_here Vegadsdottir.

fem_name_here Vegadsdottir puts all the power in the blow on Strudrik Hjartlambisson.
fem_name_here Vegadsdottir strike was dodged by Strudrik Hjartlambisson.



fem_name_here Egilgunnsdottir versus Sveinmari Hjoskkelsson:
fem_name_here Egilgunnsdottir attempts to cut in half Sveinmari Hjoskkelsson.
fem_name_here Egilgunnsdottir some strikes reach Sveinmari Hjoskkelsson.
Sveinmari Hjoskkelsson spits out some blood and laughs.

Sveinmari Hjoskkelsson unleashes a hail of blows on fem_name_here Egilgunnsdottir.
Sveinmari Hjoskkelsson strike was dodged by fem_name_here Egilgunnsdottir.



fem_name_here Mjordvaldsdottir versus fem_name_here Ragnsverresdottir:
fem_name_here Ragnsverresdottir puts all the power in the blow on fem_name_here Mjordvaldsdottir.
fem_name_here Ragnsverresdottir strike was dodged by fem_name_here Mjordvaldsdottir.

fem_name_here Mjordvaldsdottir tries to smash the skull of fem_name_here Ragnsverresdottir.
fem_name_here Mjordvaldsdottir blow hits fem_name_here Ragnsverresdottir.
fem_name_here Ragnsverresdottir taunts the opponent after taking that hit.



fem_name_here Hedottsdottir versus Garkuld Hiltorsson:
fem_name_here Hedottsdottir tries to smash the skull of Garkuld Hiltorsson.
fem_name_here Hedottsdottir blow reaches Garkuld Hiltorsson.
Garkuld Hiltorsson wipes the blood and grins widely.

Garkuld Hiltorsson rushes on fem_name_here Hedottsdottir.
Garkuld Hiltorsson blow hits fem_name_here Hedottsdottir.
fem_name_here Hedottsdottir gets a wide cut from that hit.



fem_name_here Torginsdottir versus Trasfrid Havrginsson:
fem_name_here Torginsdottir attempts to cut in half Trasfrid Havrginsson.
fem_name_here Torginsdottir blow hits Trasfrid Havrginsson.
Trasfrid Havrginsson clamps the wound made by that hit.

Trasfrid Havrginsson tries to smash the skull of fem_name_here Torginsdottir.
Trasfrid Havrginsson blow hits fem_name_here Torginsdottir.
fem_name_here Torginsdottir taunts the opponent after taking that hit.



fem_name_here Vikbrandsdottir versus Galtatli Agatlisson:
Galtatli Agatlisson unleashes a hail of blows on fem_name_here Vikbrandsdottir.
Galtatli Agatlisson strike reaches fem_name_here Vikbrandsdottir.
fem_name_here Vikbrandsdottir offers the opponent to try once more.

fem_name_here Vikbrandsdottir tries to smash the skull of Galtatli Agatlisson.
fem_name_here Vikbrandsdottir blow flew near  Galtatli Agatlisson.



fem_name_here Brunlambisdottir versus Hrafnatli Swartgislisson:
Hrafnatli Swartgislisson unleashes a hail of blows on fem_name_here Brunlambisdottir.
Hrafnatli Swartgislisson manages to hit fem_name_here Brunlambisdottir.
fem_name_here Brunlambisdottir tries to keep standing after that hit..

fem_name_here Brunlambisdottir unleashes a hail of blows on Hrafnatli Swartgislisson.
fem_name_here Brunlambisdottir attacks were dodged or blocked by Hrafnatli Swartgislisson.



Mjordsvein Holmtjorsson versus Galmagni Swanridisson:
Galmagni Swanridisson unleashes a hail of blows on Mjordsvein Holmtjorsson.
Galmagni Swanridisson strike was parried by Mjordsvein Holmtjorsson.

Mjordsvein Holmtjorsson puts all the power in the blow on Galmagni Swanridisson.
Mjordsvein Holmtjorsson manages to hit Galmagni Swanridisson.
Galmagni Swanridisson gets a wide cut from that hit.



fem_name_here Sottjorvisdottir versus Helmulf Audfredsson:
Helmulf Audfredsson tries to smash the skull of fem_name_here Sottjorvisdottir.
Helmulf Audfredsson blow flew near  fem_name_here Sottjorvisdottir.

fem_name_here Sottjorvisdottir unleashes a hail of blows on Helmulf Audfredsson.
fem_name_here Sottjorvisdottir blow hits Helmulf Audfredsson.
Helmulf Audfredsson taunts the opponent after taking that hit.



Kvistsverre Brandoddsson versus fem_name_here Brjondrunnsdottir:
fem_name_here Brjondrunnsdottir attempts to cut in half Kvistsverre Brandoddsson.
fem_name_here Brjondrunnsdottir strike smashes the ground nearby Kvistsverre Brandoddsson.

Kvistsverre Brandoddsson rushes on fem_name_here Brjondrunnsdottir.
Kvistsverre Brandoddsson blow hits fem_name_here Brjondrunnsdottir.
fem_name_here Brjondrunnsdottir spits out some blood and laughs.



fem_name_here Skjoldrjuggsdottir versus Gardgest Harsveinsson:
Gardgest Harsveinsson puts all the power in the blow on fem_name_here Skjoldrjuggsdottir.
Gardgest Harsveinsson manages to hit fem_name_here Skjoldrjuggsdottir.
fem_name_here Skjoldrjuggsdottir offers the opponent to try once more.

fem_name_here Skjoldrjuggsdottir rushes on Gardgest Harsveinsson.
fem_name_here Skjoldrjuggsdottir strike was dodged by Gardgest Harsveinsson.



fem_name_here Sneversdottir versus fem_name_here Trainolvsdottir:
fem_name_here Sneversdottir attempts to cut in half fem_name_here Trainolvsdottir.
fem_name_here Sneversdottir blow hits fem_name_here Trainolvsdottir.
fem_name_here Trainolvsdottir spits out a tooth and some blood.

fem_name_here Trainolvsdottir attempts to cut in half fem_name_here Sneversdottir.
fem_name_here Trainolvsdottir blow flew near  fem_name_here Sneversdottir.



Swantrand Hjaltbergsson versus fem_name_here Jorbergsdottir:
Swantrand Hjaltbergsson rushes on fem_name_here Jorbergsdottir.
Swantrand Hjaltbergsson blow flew near  fem_name_here Jorbergsdottir.

fem_name_here Jorbergsdottir puts all the power in the blow on Swantrand Hjaltbergsson.
fem_name_here Jorbergsdottir some strikes reach Swantrand Hjaltbergsson.
Swantrand Hjaltbergsson falls to the knees holding the wound.



Viklambi Hillambisson versus Haorm Endbrandsson:
Haorm Endbrandsson unleashes a hail of blows on Viklambi Hillambisson.
Haorm Endbrandsson some strikes reach Viklambi Hillambisson.
Viklambi Hillambisson wipes the blood and grins widely.

Viklambi Hillambisson puts all the power in the blow on Haorm Endbrandsson.
Viklambi Hillambisson manages to hit Haorm Endbrandsson.
Haorm Endbrandsson spits out a tooth and some blood.



Gaukgest Ysfredsson versus fem_name_here Snorrhringsdottir:
Gaukgest Ysfredsson tries to smash the skull of fem_name_here Snorrhringsdottir.
Gaukgest Ysfredsson manages to hit fem_name_here Snorrhringsdottir.
fem_name_here Snorrhringsdottir grimaces in pain. Hit was serious enough to leave a deep cut.

fem_name_here Snorrhringsdottir rushes on Gaukgest Ysfredsson.
fem_name_here Snorrhringsdottir blow reaches Gaukgest Ysfredsson.
Gaukgest Ysfredsson spits out a tooth and some blood.



Akgad Ormkjalsson versus fem_name_here Duneidsdottir:
Akgad Ormkjalsson puts all the power in the blow on fem_name_here Duneidsdottir.
Akgad Ormkjalsson blow flew near  fem_name_here Duneidsdottir.

fem_name_here Duneidsdottir rushes on Akgad Ormkjalsson.
fem_name_here Duneidsdottir attacks were dodged or blocked by Akgad Ormkjalsson.



Hrutmod Ketilholmsson versus Knudsnatti Ulvgardsson:
Hrutmod Ketilholmsson rushes on Knudsnatti Ulvgardsson.
Hrutmod Ketilholmsson manages to hit Knudsnatti Ulvgardsson.
Knudsnatti Ulvgardsson spits out some blood and laughs.

Knudsnatti Ulvgardsson attempts to cut in half Hrutmod Ketilholmsson.
Knudsnatti Ulvgardsson attacks were dodged or blocked by Hrutmod Ketilholmsson.



Tordulv Hedflosisson versus Helgmari Gudgudisson:
Helgmari Gudgudisson unleashes a hail of blows on Tordulv Hedflosisson.
Helgmari Gudgudisson blow hits Tordulv Hedflosisson.
Tordulv Hedflosisson taunts the opponent after taking that hit.

Tordulv Hedflosisson attempts to cut in half Helgmari Gudgudisson.
Tordulv Hedflosisson blow reaches Helgmari Gudgudisson.
Helgmari Gudgudisson tries to keep standing after that hit..



Holmeid Djarvtrandsson versus fem_name_here Havringsdottir:
fem_name_here Havringsdottir puts all the power in the blow on Holmeid Djarvtrandsson.
fem_name_here Havringsdottir strike was dodged by Holmeid Djarvtrandsson.

Holmeid Djarvtrandsson attempts to cut in half fem_name_here Havringsdottir.
Holmeid Djarvtrandsson blow reaches fem_name_here Havringsdottir.
fem_name_here Havringsdottir wipes the blood and grins widely.



fem_name_here Melklodsdottir versus fem_name_here Brjondgrimsdottir:
fem_name_here Brjondgrimsdottir rushes on fem_name_here Melklodsdottir.
fem_name_here Brjondgrimsdottir blow flew near  fem_name_here Melklodsdottir.

fem_name_here Melklodsdottir attempts to cut in half fem_name_here Brjondgrimsdottir.
fem_name_here Melklodsdottir some strikes reach fem_name_here Brjondgrimsdottir.
fem_name_here Brjondgrimsdottir spits out a tooth and some blood.



fem_name_here Gudsursdottir versus Gardgest Harsveinsson:
Gardgest Harsveinsson attempts to cut in half fem_name_here Gudsursdottir.
Gardgest Harsveinsson attacks were dodged or blocked by fem_name_here Gudsursdottir.

fem_name_here Gudsursdottir puts all the power in the blow on Gardgest Harsveinsson.
fem_name_here Gudsursdottir attacks were dodged or blocked by Gardgest Harsveinsson.



fem_name_here Skeivhrodsdottir versus Haorm Endbrandsson:
Haorm Endbrandsson puts all the power in the blow on fem_name_here Skeivhrodsdottir.
Haorm Endbrandsson blow flew near  fem_name_here Skeivhrodsdottir.

fem_name_here Skeivhrodsdottir unleashes a hail of blows on Haorm Endbrandsson.
fem_name_here Skeivhrodsdottir blow reaches Haorm Endbrandsson.
Haorm Endbrandsson spits out a tooth and some blood.



Eihelgi Skeivdorsson versus fem_name_here Trainolvsdottir:
fem_name_here Trainolvsdottir tries to smash the skull of Eihelgi Skeivdorsson.
fem_name_here Trainolvsdottir some strikes reach Eihelgi Skeivdorsson.
Eihelgi Skeivdorsson wipes the blood and grins widely.

Eihelgi Skeivdorsson unleashes a hail of blows on fem_name_here Trainolvsdottir.
Eihelgi Skeivdorsson strike was parried by fem_name_here Trainolvsdottir.



fem_name_here Trandvaldsdottir versus fem_name_here Brjondgrimsdottir:
fem_name_here Brjondgrimsdottir puts all the power in the blow on fem_name_here Trandvaldsdottir.
fem_name_here Brjondgrimsdottir blow hits fem_name_here Trandvaldsdottir.
fem_name_here Trandvaldsdottir spits out a tooth and some blood.

fem_name_here Trandvaldsdottir puts all the power in the blow on fem_name_here Brjondgrimsdottir.
fem_name_here Trandvaldsdottir strike smashes the ground nearby fem_name_here Brjondgrimsdottir.



Osvberg Tursverresson versus Gardgest Harsveinsson:
Gardgest Harsveinsson attempts to cut in half Osvberg Tursverresson.
Gardgest Harsveinsson some strikes reach Osvberg Tursverresson.
Osvberg Tursverresson taunts the opponent after taking that hit.

Osvberg Tursverresson rushes on Gardgest Harsveinsson.
Osvberg Tursverresson blow hits Gardgest Harsveinsson.
Gardgest Harsveinsson wipes the blood and grins widely.



Observing the battlefield after 2 round of fight:
Vikings squad:
Swantrand Hjaltbergsson dies;
fem_name_here Brunlambisdottir dies;
fem_name_here Hedottsdottir dies;

Enemies squad:
Galmagni Swanridisson dies;
Trasfrid Havrginsson dies;
Helgmari Gudgudisson dies;
fem_name_here Snorrhringsdottir dies;



Turn 3:
Vikings squad size: 22; Enemies squad size: 16.

Gaukgest Ysfredsson versus Haorm Endbrandsson:
Gaukgest Ysfredsson rushes on Haorm Endbrandsson.
Gaukgest Ysfredsson strike reaches Haorm Endbrandsson.
Haorm Endbrandsson grimaces in pain. Hit was serious enough to leave a deep cut.

Haorm Endbrandsson attempts to cut in half Gaukgest Ysfredsson.
Haorm Endbrandsson some strikes reach Gaukgest Ysfredsson.
Gaukgest Ysfredsson grimaces in pain. Hit was serious enough to leave a deep cut.



fem_name_here Melklodsdottir versus fem_name_here Duneidsdottir:
fem_name_here Duneidsdottir rushes on fem_name_here Melklodsdottir.
fem_name_here Duneidsdottir blow hits fem_name_here Melklodsdottir.
fem_name_here Melklodsdottir wipes the blood and grins widely.

fem_name_here Melklodsdottir attempts to cut in half fem_name_here Duneidsdottir.
fem_name_here Melklodsdottir strike smashes the ground nearby fem_name_here Duneidsdottir.



fem_name_here Torginsdottir versus fem_name_here Jorbergsdottir:
fem_name_here Jorbergsdottir puts all the power in the blow on fem_name_here Torginsdottir.
fem_name_here Jorbergsdottir attacks were dodged or blocked by fem_name_here Torginsdottir.

fem_name_here Torginsdottir puts all the power in the blow on fem_name_here Jorbergsdottir.
fem_name_here Torginsdottir strike was parried by fem_name_here Jorbergsdottir.



Holmeid Djarvtrandsson versus fem_name_here Brjondgrimsdottir:
fem_name_here Brjondgrimsdottir tries to smash the skull of Holmeid Djarvtrandsson.
fem_name_here Brjondgrimsdottir blow flew near  Holmeid Djarvtrandsson.

Holmeid Djarvtrandsson attempts to cut in half fem_name_here Brjondgrimsdottir.
Holmeid Djarvtrandsson blow hits fem_name_here Brjondgrimsdottir.
fem_name_here Brjondgrimsdottir tries to keep standing after that hit..



Tordulv Hedflosisson versus Strudrik Hjartlambisson:
Strudrik Hjartlambisson attempts to cut in half Tordulv Hedflosisson.
Strudrik Hjartlambisson blow hits Tordulv Hedflosisson.
Tordulv Hedflosisson spits out some blood and laughs.

Tordulv Hedflosisson puts all the power in the blow on Strudrik Hjartlambisson.
Tordulv Hedflosisson strike smashes the ground nearby Strudrik Hjartlambisson.



fem_name_here Vikbrandsdottir versus Knudsnatti Ulvgardsson:
fem_name_here Vikbrandsdottir unleashes a hail of blows on Knudsnatti Ulvgardsson.
fem_name_here Vikbrandsdottir strike was parried by Knudsnatti Ulvgardsson.

Knudsnatti Ulvgardsson tries to smash the skull of fem_name_here Vikbrandsdottir.
Knudsnatti Ulvgardsson strike smashes the ground nearby fem_name_here Vikbrandsdottir.



fem_name_here Vegadsdottir versus fem_name_here Trainolvsdottir:
fem_name_here Trainolvsdottir puts all the power in the blow on fem_name_here Vegadsdottir.
fem_name_here Trainolvsdottir strike reaches fem_name_here Vegadsdottir.
fem_name_here Vegadsdottir spits out a tooth and some blood.

fem_name_here Vegadsdottir rushes on fem_name_here Trainolvsdottir.
fem_name_here Vegadsdottir blow flew near  fem_name_here Trainolvsdottir.



Kvistsverre Brandoddsson versus fem_name_here Havringsdottir:
Kvistsverre Brandoddsson unleashes a hail of blows on fem_name_here Havringsdottir.
Kvistsverre Brandoddsson strike was dodged by fem_name_here Havringsdottir.

fem_name_here Havringsdottir puts all the power in the blow on Kvistsverre Brandoddsson.
fem_name_here Havringsdottir blow reaches Kvistsverre Brandoddsson.
Kvistsverre Brandoddsson wipes the blood and grins widely.



fem_name_here Trandvaldsdottir versus Helmulf Audfredsson:
fem_name_here Trandvaldsdottir unleashes a hail of blows on Helmulf Audfredsson.
fem_name_here Trandvaldsdottir manages to hit Helmulf Audfredsson.
Helmulf Audfredsson spits out some blood and laughs.

Helmulf Audfredsson unleashes a hail of blows on fem_name_here Trandvaldsdottir.
Helmulf Audfredsson strike was dodged by fem_name_here Trandvaldsdottir.



fem_name_here Gudsursdottir versus fem_name_here Brjondrunnsdottir:
fem_name_here Brjondrunnsdottir rushes on fem_name_here Gudsursdottir.
fem_name_here Brjondrunnsdottir attacks were dodged or blocked by fem_name_here Gudsursdottir.

fem_name_here Gudsursdottir unleashes a hail of blows on fem_name_here Brjondrunnsdottir.
fem_name_here Gudsursdottir strike was parried by fem_name_here Brjondrunnsdottir.



fem_name_here Skeivhrodsdottir versus Hrafnatli Swartgislisson:
fem_name_here Skeivhrodsdottir puts all the power in the blow on Hrafnatli Swartgislisson.
fem_name_here Skeivhrodsdottir strike smashes the ground nearby Hrafnatli Swartgislisson.

Hrafnatli Swartgislisson unleashes a hail of blows on fem_name_here Skeivhrodsdottir.
Hrafnatli Swartgislisson strike was parried by fem_name_here Skeivhrodsdottir.



Akgad Ormkjalsson versus Gardgest Harsveinsson:
Akgad Ormkjalsson rushes on Gardgest Harsveinsson.
Akgad Ormkjalsson strike reaches Gardgest Harsveinsson.
Gardgest Harsveinsson tries to keep standing after that hit..

Gardgest Harsveinsson puts all the power in the blow on Akgad Ormkjalsson.
Gardgest Harsveinsson strike smashes the ground nearby Akgad Ormkjalsson.



fem_name_here Sneversdottir versus Sveinmari Hjoskkelsson:
Sveinmari Hjoskkelsson tries to smash the skull of fem_name_here Sneversdottir.
Sveinmari Hjoskkelsson attacks were dodged or blocked by fem_name_here Sneversdottir.

fem_name_here Sneversdottir unleashes a hail of blows on Sveinmari Hjoskkelsson.
fem_name_here Sneversdottir strike reaches Sveinmari Hjoskkelsson.
Sveinmari Hjoskkelsson spits out a tooth and some blood.



Osvberg Tursverresson versus fem_name_here Ragnsverresdottir:
fem_name_here Ragnsverresdottir unleashes a hail of blows on Osvberg Tursverresson.
fem_name_here Ragnsverresdottir attacks were dodged or blocked by Osvberg Tursverresson.

Osvberg Tursverresson attempts to cut in half fem_name_here Ragnsverresdottir.
Osvberg Tursverresson strike smashes the ground nearby fem_name_here Ragnsverresdottir.



Mjordsvein Holmtjorsson versus Garkuld Hiltorsson:
Garkuld Hiltorsson attempts to cut in half Mjordsvein Holmtjorsson.
Garkuld Hiltorsson strike was dodged by Mjordsvein Holmtjorsson.

Mjordsvein Holmtjorsson attempts to cut in half Garkuld Hiltorsson.
Mjordsvein Holmtjorsson blow flew near  Garkuld Hiltorsson.



fem_name_here Egilgunnsdottir versus Galtatli Agatlisson:
Galtatli Agatlisson unleashes a hail of blows on fem_name_here Egilgunnsdottir.
Galtatli Agatlisson attacks were dodged or blocked by fem_name_here Egilgunnsdottir.

fem_name_here Egilgunnsdottir attempts to cut in half Galtatli Agatlisson.
fem_name_here Egilgunnsdottir blow flew near  Galtatli Agatlisson.



fem_name_here Skjoldrjuggsdottir versus Knudsnatti Ulvgardsson:
fem_name_here Skjoldrjuggsdottir tries to smash the skull of Knudsnatti Ulvgardsson.
fem_name_here Skjoldrjuggsdottir blow reaches Knudsnatti Ulvgardsson.
Knudsnatti Ulvgardsson gets a wide cut from that hit.

Knudsnatti Ulvgardsson unleashes a hail of blows on fem_name_here Skjoldrjuggsdottir.
Knudsnatti Ulvgardsson blow flew near  fem_name_here Skjoldrjuggsdottir.



Viklambi Hillambisson versus fem_name_here Trainolvsdottir:
fem_name_here Trainolvsdottir attempts to cut in half Viklambi Hillambisson.
fem_name_here Trainolvsdottir blow flew near  Viklambi Hillambisson.

Viklambi Hillambisson puts all the power in the blow on fem_name_here Trainolvsdottir.
Viklambi Hillambisson strike was parried by fem_name_here Trainolvsdottir.



fem_name_here Sottjorvisdottir versus Galtatli Agatlisson:
Galtatli Agatlisson unleashes a hail of blows on fem_name_here Sottjorvisdottir.
Galtatli Agatlisson attacks were dodged or blocked by fem_name_here Sottjorvisdottir.

fem_name_here Sottjorvisdottir attempts to cut in half Galtatli Agatlisson.
fem_name_here Sottjorvisdottir blow reaches Galtatli Agatlisson.
Galtatli Agatlisson offers the opponent to try once more.



Hrutmod Ketilholmsson versus Gardgest Harsveinsson:
Gardgest Harsveinsson rushes on Hrutmod Ketilholmsson.
Gardgest Harsveinsson strike reaches Hrutmod Ketilholmsson.
Hrutmod Ketilholmsson offers the opponent to try once more.

Hrutmod Ketilholmsson unleashes a hail of blows on Gardgest Harsveinsson.
Hrutmod Ketilholmsson manages to hit Gardgest Harsveinsson.
Gardgest Harsveinsson gets a wide cut from that hit.



fem_name_here Mjordvaldsdottir versus Galtatli Agatlisson:
Galtatli Agatlisson attempts to cut in half fem_name_here Mjordvaldsdottir.
Galtatli Agatlisson some strikes reach fem_name_here Mjordvaldsdottir.
fem_name_here Mjordvaldsdottir spits out some blood and laughs.

fem_name_here Mjordvaldsdottir rushes on Galtatli Agatlisson.
fem_name_here Mjordvaldsdottir strike reaches Galtatli Agatlisson.
Galtatli Agatlisson falls to the knees holding the wound.



Eihelgi Skeivdorsson versus Hrafnatli Swartgislisson:
Eihelgi Skeivdorsson puts all the power in the blow on Hrafnatli Swartgislisson.
Eihelgi Skeivdorsson manages to hit Hrafnatli Swartgislisson.
Hrafnatli Swartgislisson gets a wide cut from that hit.

Hrafnatli Swartgislisson rushes on Eihelgi Skeivdorsson.
Hrafnatli Swartgislisson blow reaches Eihelgi Skeivdorsson.
Eihelgi Skeivdorsson taunts the opponent after taking that hit.



Observing the battlefield after 3 round of fight:
Vikings squad:
Gaukgest Ysfredsson dies;

Enemies squad:
Galtatli Agatlisson dies;
Hrafnatli Swartgislisson dies;
Knudsnatti Ulvgardsson dies;
fem_name_here Brjondgrimsdottir dies;
Gardgest Harsveinsson dies;
Haorm Endbrandsson dies;



Turn 4:
Vikings squad size: 21; Enemies squad size: 10.

Hrutmod Ketilholmsson versus Strudrik Hjartlambisson:
Strudrik Hjartlambisson unleashes a hail of blows on Hrutmod Ketilholmsson.
Strudrik Hjartlambisson blow reaches Hrutmod Ketilholmsson.
Hrutmod Ketilholmsson spits out a tooth and some blood.

Hrutmod Ketilholmsson rushes on Strudrik Hjartlambisson.
Hrutmod Ketilholmsson strike reaches Strudrik Hjartlambisson.
Strudrik Hjartlambisson spits out some blood and laughs.



Akgad Ormkjalsson versus fem_name_here Ragnsverresdottir:
Akgad Ormkjalsson tries to smash the skull of fem_name_here Ragnsverresdottir.
Akgad Ormkjalsson strike reaches fem_name_here Ragnsverresdottir.
fem_name_here Ragnsverresdottir gets a wide cut from that hit.

fem_name_here Ragnsverresdottir unleashes a hail of blows on Akgad Ormkjalsson.
fem_name_here Ragnsverresdottir blow flew near  Akgad Ormkjalsson.



fem_name_here Torginsdottir versus fem_name_here Brjondrunnsdottir:
fem_name_here Brjondrunnsdottir puts all the power in the blow on fem_name_here Torginsdottir.
fem_name_here Brjondrunnsdottir blow flew near  fem_name_here Torginsdottir.

fem_name_here Torginsdottir attempts to cut in half fem_name_here Brjondrunnsdottir.
fem_name_here Torginsdottir strike smashes the ground nearby fem_name_here Brjondrunnsdottir.



Kvistsverre Brandoddsson versus Garkuld Hiltorsson:
Kvistsverre Brandoddsson tries to smash the skull of Garkuld Hiltorsson.
Kvistsverre Brandoddsson strike smashes the ground nearby Garkuld Hiltorsson.

Garkuld Hiltorsson tries to smash the skull of Kvistsverre Brandoddsson.
Garkuld Hiltorsson strike reaches Kvistsverre Brandoddsson.
Kvistsverre Brandoddsson grimaces in pain. Hit was serious enough to leave a deep cut.



fem_name_here Mjordvaldsdottir versus fem_name_here Havringsdottir:
fem_name_here Havringsdottir attempts to cut in half fem_name_here Mjordvaldsdottir.
fem_name_here Havringsdottir blow hits fem_name_here Mjordvaldsdottir.
fem_name_here Mjordvaldsdottir tries to keep standing after that hit..

fem_name_here Mjordvaldsdottir puts all the power in the blow on fem_name_here Havringsdottir.
fem_name_here Mjordvaldsdottir blow reaches fem_name_here Havringsdottir.
fem_name_here Havringsdottir spits out some blood and laughs.



Mjordsvein Holmtjorsson versus fem_name_here Jorbergsdottir:
fem_name_here Jorbergsdottir puts all the power in the blow on Mjordsvein Holmtjorsson.
fem_name_here Jorbergsdottir strike was dodged by Mjordsvein Holmtjorsson.

Mjordsvein Holmtjorsson tries to smash the skull of fem_name_here Jorbergsdottir.
Mjordsvein Holmtjorsson blow hits fem_name_here Jorbergsdottir.
fem_name_here Jorbergsdottir offers the opponent to try once more.



fem_name_here Skjoldrjuggsdottir versus Helmulf Audfredsson:
fem_name_here Skjoldrjuggsdottir puts all the power in the blow on Helmulf Audfredsson.
fem_name_here Skjoldrjuggsdottir some strikes reach Helmulf Audfredsson.
Helmulf Audfredsson offers the opponent to try once more.

Helmulf Audfredsson puts all the power in the blow on fem_name_here Skjoldrjuggsdottir.
Helmulf Audfredsson strike reaches fem_name_here Skjoldrjuggsdottir.
fem_name_here Skjoldrjuggsdottir wipes the blood and grins widely.



fem_name_here Sottjorvisdottir versus fem_name_here Trainolvsdottir:
fem_name_here Sottjorvisdottir rushes on fem_name_here Trainolvsdottir.
fem_name_here Sottjorvisdottir blow reaches fem_name_here Trainolvsdottir.
fem_name_here Trainolvsdottir spits out some blood and laughs.

fem_name_here Trainolvsdottir puts all the power in the blow on fem_name_here Sottjorvisdottir.
fem_name_here Trainolvsdottir attacks were dodged or blocked by fem_name_here Sottjorvisdottir.



fem_name_here Melklodsdottir versus Sveinmari Hjoskkelsson:
Sveinmari Hjoskkelsson attempts to cut in half fem_name_here Melklodsdottir.
Sveinmari Hjoskkelsson blow reaches fem_name_here Melklodsdottir.
fem_name_here Melklodsdottir offers the opponent to try once more.

fem_name_here Melklodsdottir attempts to cut in half Sveinmari Hjoskkelsson.
fem_name_here Melklodsdottir blow hits Sveinmari Hjoskkelsson.
Sveinmari Hjoskkelsson taunts the opponent after taking that hit.



Osvberg Tursverresson versus fem_name_here Duneidsdottir:
Osvberg Tursverresson rushes on fem_name_here Duneidsdottir.
Osvberg Tursverresson blow hits fem_name_here Duneidsdottir.
fem_name_here Duneidsdottir falls to the knees holding the wound.

fem_name_here Duneidsdottir rushes on Osvberg Tursverresson.
fem_name_here Duneidsdottir blow reaches Osvberg Tursverresson.
Osvberg Tursverresson wipes the blood and grins widely.



fem_name_here Sneversdottir versus Strudrik Hjartlambisson:
Strudrik Hjartlambisson puts all the power in the blow on fem_name_here Sneversdottir.
Strudrik Hjartlambisson blow flew near  fem_name_here Sneversdottir.

fem_name_here Sneversdottir attempts to cut in half Strudrik Hjartlambisson.
fem_name_here Sneversdottir blow reaches Strudrik Hjartlambisson.
Strudrik Hjartlambisson wipes the blood and grins widely.



fem_name_here Vikbrandsdottir versus Strudrik Hjartlambisson:
Strudrik Hjartlambisson puts all the power in the blow on fem_name_here Vikbrandsdottir.
Strudrik Hjartlambisson blow reaches fem_name_here Vikbrandsdottir.
fem_name_here Vikbrandsdottir falls to the knees holding the wound.

fem_name_here Vikbrandsdottir rushes on Strudrik Hjartlambisson.
fem_name_here Vikbrandsdottir strike smashes the ground nearby Strudrik Hjartlambisson.



fem_name_here Egilgunnsdottir versus fem_name_here Jorbergsdottir:
fem_name_here Egilgunnsdottir rushes on fem_name_here Jorbergsdottir.
fem_name_here Egilgunnsdottir blow hits fem_name_here Jorbergsdottir.
fem_name_here Jorbergsdottir tries to keep standing after that hit..

fem_name_here Jorbergsdottir unleashes a hail of blows on fem_name_here Egilgunnsdottir.
fem_name_here Jorbergsdottir strike was dodged by fem_name_here Egilgunnsdottir.



fem_name_here Skeivhrodsdottir versus Garkuld Hiltorsson:
Garkuld Hiltorsson unleashes a hail of blows on fem_name_here Skeivhrodsdottir.
Garkuld Hiltorsson manages to hit fem_name_here Skeivhrodsdottir.
fem_name_here Skeivhrodsdottir spits out a tooth and some blood.

fem_name_here Skeivhrodsdottir attempts to cut in half Garkuld Hiltorsson.
fem_name_here Skeivhrodsdottir blow flew near  Garkuld Hiltorsson.



fem_name_here Vegadsdottir versus Garkuld Hiltorsson:
fem_name_here Vegadsdottir attempts to cut in half Garkuld Hiltorsson.
fem_name_here Vegadsdottir strike smashes the ground nearby Garkuld Hiltorsson.

Garkuld Hiltorsson attempts to cut in half fem_name_here Vegadsdottir.
Garkuld Hiltorsson some strikes reach fem_name_here Vegadsdottir.
fem_name_here Vegadsdottir wipes the blood and grins widely.



Eihelgi Skeivdorsson versus Garkuld Hiltorsson:
Garkuld Hiltorsson unleashes a hail of blows on Eihelgi Skeivdorsson.
Garkuld Hiltorsson blow flew near  Eihelgi Skeivdorsson.

Eihelgi Skeivdorsson tries to smash the skull of Garkuld Hiltorsson.
Eihelgi Skeivdorsson strike was parried by Garkuld Hiltorsson.



Tordulv Hedflosisson versus fem_name_here Havringsdottir:
fem_name_here Havringsdottir puts all the power in the blow on Tordulv Hedflosisson.
fem_name_here Havringsdottir blow reaches Tordulv Hedflosisson.
Tordulv Hedflosisson grimaces in pain. Hit was serious enough to leave a deep cut.

Tordulv Hedflosisson puts all the power in the blow on fem_name_here Havringsdottir.
Tordulv Hedflosisson blow reaches fem_name_here Havringsdottir.
fem_name_here Havringsdottir offers the opponent to try once more.



fem_name_here Trandvaldsdottir versus fem_name_here Trainolvsdottir:
fem_name_here Trainolvsdottir puts all the power in the blow on fem_name_here Trandvaldsdottir.
fem_name_here Trainolvsdottir attacks were dodged or blocked by fem_name_here Trandvaldsdottir.

fem_name_here Trandvaldsdottir unleashes a hail of blows on fem_name_here Trainolvsdottir.
fem_name_here Trandvaldsdottir attacks were dodged or blocked by fem_name_here Trainolvsdottir.



fem_name_here Gudsursdottir versus fem_name_here Havringsdottir:
fem_name_here Gudsursdottir rushes on fem_name_here Havringsdottir.
fem_name_here Gudsursdottir attacks were dodged or blocked by fem_name_here Havringsdottir.

fem_name_here Havringsdottir rushes on fem_name_here Gudsursdottir.
fem_name_here Havringsdottir strike was dodged by fem_name_here Gudsursdottir.



Holmeid Djarvtrandsson versus fem_name_here Havringsdottir:
fem_name_here Havringsdottir puts all the power in the blow on Holmeid Djarvtrandsson.
fem_name_here Havringsdottir strike was parried by Holmeid Djarvtrandsson.

Holmeid Djarvtrandsson rushes on fem_name_here Havringsdottir.
Holmeid Djarvtrandsson manages to hit fem_name_here Havringsdottir.
fem_name_here Havringsdottir offers the opponent to try once more.



Viklambi Hillambisson versus Sveinmari Hjoskkelsson:
Viklambi Hillambisson puts all the power in the blow on Sveinmari Hjoskkelsson.
Viklambi Hillambisson some strikes reach Sveinmari Hjoskkelsson.
Sveinmari Hjoskkelsson taunts the opponent after taking that hit.

Sveinmari Hjoskkelsson tries to smash the skull of Viklambi Hillambisson.
Sveinmari Hjoskkelsson strike was dodged by Viklambi Hillambisson.



Observing the battlefield after 4 round of fight:
Vikings squad:
fem_name_here Mjordvaldsdottir dies;
Tordulv Hedflosisson dies;
fem_name_here Vikbrandsdottir dies;
Kvistsverre Brandoddsson dies;

Enemies squad:
fem_name_here Duneidsdottir dies;
fem_name_here Jorbergsdottir dies;
fem_name_here Ragnsverresdottir dies;



Turn 5:
Vikings squad size: 17; Enemies squad size: 7.

Eihelgi Skeivdorsson versus Garkuld Hiltorsson:
Garkuld Hiltorsson attempts to cut in half Eihelgi Skeivdorsson.
Garkuld Hiltorsson blow flew near  Eihelgi Skeivdorsson.

Eihelgi Skeivdorsson unleashes a hail of blows on Garkuld Hiltorsson.
Eihelgi Skeivdorsson strike reaches Garkuld Hiltorsson.
Garkuld Hiltorsson spits out some blood and laughs.



fem_name_here Sottjorvisdottir versus Sveinmari Hjoskkelsson:
Sveinmari Hjoskkelsson tries to smash the skull of fem_name_here Sottjorvisdottir.
Sveinmari Hjoskkelsson strike was dodged by fem_name_here Sottjorvisdottir.

fem_name_here Sottjorvisdottir puts all the power in the blow on Sveinmari Hjoskkelsson.
fem_name_here Sottjorvisdottir strike smashes the ground nearby Sveinmari Hjoskkelsson.



fem_name_here Gudsursdottir versus fem_name_here Trainolvsdottir:
fem_name_here Trainolvsdottir unleashes a hail of blows on fem_name_here Gudsursdottir.
fem_name_here Trainolvsdottir blow reaches fem_name_here Gudsursdottir.
fem_name_here Gudsursdottir wipes the blood and grins widely.

fem_name_here Gudsursdottir attempts to cut in half fem_name_here Trainolvsdottir.
fem_name_here Gudsursdottir manages to hit fem_name_here Trainolvsdottir.
fem_name_here Trainolvsdottir taunts the opponent after taking that hit.



fem_name_here Torginsdottir versus fem_name_here Brjondrunnsdottir:
fem_name_here Torginsdottir rushes on fem_name_here Brjondrunnsdottir.
fem_name_here Torginsdottir strike reaches fem_name_here Brjondrunnsdottir.
fem_name_here Brjondrunnsdottir spits out a tooth and some blood.

fem_name_here Brjondrunnsdottir puts all the power in the blow on fem_name_here Torginsdottir.
fem_name_here Brjondrunnsdottir blow flew near  fem_name_here Torginsdottir.



Osvberg Tursverresson versus fem_name_here Havringsdottir:
Osvberg Tursverresson tries to smash the skull of fem_name_here Havringsdottir.
Osvberg Tursverresson blow hits fem_name_here Havringsdottir.
fem_name_here Havringsdottir spits out some blood and laughs.

fem_name_here Havringsdottir attempts to cut in half Osvberg Tursverresson.
fem_name_here Havringsdottir strike was dodged by Osvberg Tursverresson.



Mjordsvein Holmtjorsson versus Strudrik Hjartlambisson:
Strudrik Hjartlambisson unleashes a hail of blows on Mjordsvein Holmtjorsson.
Strudrik Hjartlambisson attacks were dodged or blocked by Mjordsvein Holmtjorsson.

Mjordsvein Holmtjorsson unleashes a hail of blows on Strudrik Hjartlambisson.
Mjordsvein Holmtjorsson strike reaches Strudrik Hjartlambisson.
Strudrik Hjartlambisson gets a wide cut from that hit.



fem_name_here Skjoldrjuggsdottir versus Helmulf Audfredsson:
Helmulf Audfredsson puts all the power in the blow on fem_name_here Skjoldrjuggsdottir.
Helmulf Audfredsson strike was parried by fem_name_here Skjoldrjuggsdottir.

fem_name_here Skjoldrjuggsdottir attempts to cut in half Helmulf Audfredsson.
fem_name_here Skjoldrjuggsdottir strike smashes the ground nearby Helmulf Audfredsson.



fem_name_here Sneversdottir versus fem_name_here Brjondrunnsdottir:
fem_name_here Brjondrunnsdottir attempts to cut in half fem_name_here Sneversdottir.
fem_name_here Brjondrunnsdottir blow flew near  fem_name_here Sneversdottir.

fem_name_here Sneversdottir rushes on fem_name_here Brjondrunnsdottir.
fem_name_here Sneversdottir strike reaches fem_name_here Brjondrunnsdottir.
fem_name_here Brjondrunnsdottir taunts the opponent after taking that hit.



Akgad Ormkjalsson versus fem_name_here Havringsdottir:
Akgad Ormkjalsson unleashes a hail of blows on fem_name_here Havringsdottir.
Akgad Ormkjalsson blow reaches fem_name_here Havringsdottir.
fem_name_here Havringsdottir tries to keep standing after that hit..

fem_name_here Havringsdottir puts all the power in the blow on Akgad Ormkjalsson.
fem_name_here Havringsdottir strike reaches Akgad Ormkjalsson.
Akgad Ormkjalsson offers the opponent to try once more.



fem_name_here Melklodsdottir versus fem_name_here Brjondrunnsdottir:
fem_name_here Melklodsdottir puts all the power in the blow on fem_name_here Brjondrunnsdottir.
fem_name_here Melklodsdottir blow flew near  fem_name_here Brjondrunnsdottir.

fem_name_here Brjondrunnsdottir rushes on fem_name_here Melklodsdottir.
fem_name_here Brjondrunnsdottir manages to hit fem_name_here Melklodsdottir.
fem_name_here Melklodsdottir offers the opponent to try once more.



fem_name_here Egilgunnsdottir versus Strudrik Hjartlambisson:
fem_name_here Egilgunnsdottir rushes on Strudrik Hjartlambisson.
fem_name_here Egilgunnsdottir strike was parried by Strudrik Hjartlambisson.

Strudrik Hjartlambisson puts all the power in the blow on fem_name_here Egilgunnsdottir.
Strudrik Hjartlambisson strike reaches fem_name_here Egilgunnsdottir.
fem_name_here Egilgunnsdottir offers the opponent to try once more.



Hrutmod Ketilholmsson versus fem_name_here Havringsdottir:
fem_name_here Havringsdottir attempts to cut in half Hrutmod Ketilholmsson.
fem_name_here Havringsdottir strike was dodged by Hrutmod Ketilholmsson.

Hrutmod Ketilholmsson attempts to cut in half fem_name_here Havringsdottir.
Hrutmod Ketilholmsson blow hits fem_name_here Havringsdottir.
fem_name_here Havringsdottir offers the opponent to try once more.



Holmeid Djarvtrandsson versus Helmulf Audfredsson:
Helmulf Audfredsson unleashes a hail of blows on Holmeid Djarvtrandsson.
Helmulf Audfredsson strike was parried by Holmeid Djarvtrandsson.

Holmeid Djarvtrandsson unleashes a hail of blows on Helmulf Audfredsson.
Holmeid Djarvtrandsson strike was dodged by Helmulf Audfredsson.



fem_name_here Vegadsdottir versus Strudrik Hjartlambisson:
fem_name_here Vegadsdottir rushes on Strudrik Hjartlambisson.
fem_name_here Vegadsdottir manages to hit Strudrik Hjartlambisson.
Strudrik Hjartlambisson grimaces in pain. Hit was serious enough to leave a deep cut.

Strudrik Hjartlambisson rushes on fem_name_here Vegadsdottir.
Strudrik Hjartlambisson blow flew near  fem_name_here Vegadsdottir.



fem_name_here Trandvaldsdottir versus fem_name_here Havringsdottir:
fem_name_here Havringsdottir tries to smash the skull of fem_name_here Trandvaldsdottir.
fem_name_here Havringsdottir blow flew near  fem_name_here Trandvaldsdottir.

fem_name_here Trandvaldsdottir rushes on fem_name_here Havringsdottir.
fem_name_here Trandvaldsdottir blow flew near  fem_name_here Havringsdottir.



fem_name_here Skeivhrodsdottir versus fem_name_here Brjondrunnsdottir:
fem_name_here Brjondrunnsdottir tries to smash the skull of fem_name_here Skeivhrodsdottir.
fem_name_here Brjondrunnsdottir strike was parried by fem_name_here Skeivhrodsdottir.

fem_name_here Skeivhrodsdottir puts all the power in the blow on fem_name_here Brjondrunnsdottir.
fem_name_here Skeivhrodsdottir some strikes reach fem_name_here Brjondrunnsdottir.
fem_name_here Brjondrunnsdottir clamps the wound made by that hit.



Viklambi Hillambisson versus Strudrik Hjartlambisson:
Viklambi Hillambisson unleashes a hail of blows on Strudrik Hjartlambisson.
Viklambi Hillambisson strike reaches Strudrik Hjartlambisson.
Strudrik Hjartlambisson spits out some blood and laughs.

Strudrik Hjartlambisson tries to smash the skull of Viklambi Hillambisson.
Strudrik Hjartlambisson strike was dodged by Viklambi Hillambisson.



Observing the battlefield after 5 round of fight:
Vikings squad:

Enemies squad:
fem_name_here Brjondrunnsdottir dies;
fem_name_here Havringsdottir dies;
Strudrik Hjartlambisson dies;



Turn 6:
Vikings squad size: 17; Enemies squad size: 4.

fem_name_here Egilgunnsdottir versus fem_name_here Trainolvsdottir:
fem_name_here Egilgunnsdottir attempts to cut in half fem_name_here Trainolvsdottir.
fem_name_here Egilgunnsdottir manages to hit fem_name_here Trainolvsdottir.
fem_name_here Trainolvsdottir spits out a tooth and some blood.

fem_name_here Trainolvsdottir attempts to cut in half fem_name_here Egilgunnsdottir.
fem_name_here Trainolvsdottir strike smashes the ground nearby fem_name_here Egilgunnsdottir.



Mjordsvein Holmtjorsson versus Sveinmari Hjoskkelsson:
Mjordsvein Holmtjorsson tries to smash the skull of Sveinmari Hjoskkelsson.
Mjordsvein Holmtjorsson blow reaches Sveinmari Hjoskkelsson.
Sveinmari Hjoskkelsson spits out some blood and laughs.

Sveinmari Hjoskkelsson tries to smash the skull of Mjordsvein Holmtjorsson.
Sveinmari Hjoskkelsson strike was parried by Mjordsvein Holmtjorsson.



fem_name_here Sneversdottir versus Helmulf Audfredsson:
Helmulf Audfredsson rushes on fem_name_here Sneversdottir.
Helmulf Audfredsson strike was parried by fem_name_here Sneversdottir.

fem_name_here Sneversdottir attempts to cut in half Helmulf Audfredsson.
fem_name_here Sneversdottir strike reaches Helmulf Audfredsson.
Helmulf Audfredsson falls to the knees holding the wound.



Eihelgi Skeivdorsson versus Garkuld Hiltorsson:
Garkuld Hiltorsson tries to smash the skull of Eihelgi Skeivdorsson.
Garkuld Hiltorsson strike was parried by Eihelgi Skeivdorsson.

Eihelgi Skeivdorsson puts all the power in the blow on Garkuld Hiltorsson.
Eihelgi Skeivdorsson strike smashes the ground nearby Garkuld Hiltorsson.



fem_name_here Sottjorvisdottir versus Garkuld Hiltorsson:
fem_name_here Sottjorvisdottir rushes on Garkuld Hiltorsson.
fem_name_here Sottjorvisdottir blow reaches Garkuld Hiltorsson.
Garkuld Hiltorsson grimaces in pain. Hit was serious enough to leave a deep cut.

Garkuld Hiltorsson puts all the power in the blow on fem_name_here Sottjorvisdottir.
Garkuld Hiltorsson some strikes reach fem_name_here Sottjorvisdottir.
fem_name_here Sottjorvisdottir offers the opponent to try once more.



fem_name_here Trandvaldsdottir versus Helmulf Audfredsson:
Helmulf Audfredsson tries to smash the skull of fem_name_here Trandvaldsdottir.
Helmulf Audfredsson strike smashes the ground nearby fem_name_here Trandvaldsdottir.

fem_name_here Trandvaldsdottir attempts to cut in half Helmulf Audfredsson.
fem_name_here Trandvaldsdottir attacks were dodged or blocked by Helmulf Audfredsson.



fem_name_here Vegadsdottir versus fem_name_here Trainolvsdottir:
fem_name_here Vegadsdottir puts all the power in the blow on fem_name_here Trainolvsdottir.
fem_name_here Vegadsdottir blow flew near  fem_name_here Trainolvsdottir.

fem_name_here Trainolvsdottir puts all the power in the blow on fem_name_here Vegadsdottir.
fem_name_here Trainolvsdottir strike reaches fem_name_here Vegadsdottir.
fem_name_here Vegadsdottir wipes the blood and grins widely.



fem_name_here Skjoldrjuggsdottir versus fem_name_here Trainolvsdottir:
fem_name_here Skjoldrjuggsdottir attempts to cut in half fem_name_here Trainolvsdottir.
fem_name_here Skjoldrjuggsdottir strike reaches fem_name_here Trainolvsdottir.
fem_name_here Trainolvsdottir wipes the blood and grins widely.

fem_name_here Trainolvsdottir rushes on fem_name_here Skjoldrjuggsdottir.
fem_name_here Trainolvsdottir strike was parried by fem_name_here Skjoldrjuggsdottir.



Holmeid Djarvtrandsson versus fem_name_here Trainolvsdottir:
fem_name_here Trainolvsdottir rushes on Holmeid Djarvtrandsson.
fem_name_here Trainolvsdottir strike reaches Holmeid Djarvtrandsson.
Holmeid Djarvtrandsson offers the opponent to try once more.

Holmeid Djarvtrandsson tries to smash the skull of fem_name_here Trainolvsdottir.
Holmeid Djarvtrandsson blow reaches fem_name_here Trainolvsdottir.
fem_name_here Trainolvsdottir spits out some blood and laughs.



fem_name_here Melklodsdottir versus Helmulf Audfredsson:
Helmulf Audfredsson rushes on fem_name_here Melklodsdottir.
Helmulf Audfredsson strike was parried by fem_name_here Melklodsdottir.

fem_name_here Melklodsdottir rushes on Helmulf Audfredsson.
fem_name_here Melklodsdottir strike smashes the ground nearby Helmulf Audfredsson.



Viklambi Hillambisson versus fem_name_here Trainolvsdottir:
fem_name_here Trainolvsdottir attempts to cut in half Viklambi Hillambisson.
fem_name_here Trainolvsdottir attacks were dodged or blocked by Viklambi Hillambisson.

Viklambi Hillambisson attempts to cut in half fem_name_here Trainolvsdottir.
Viklambi Hillambisson blow hits fem_name_here Trainolvsdottir.
fem_name_here Trainolvsdottir offers the opponent to try once more.



Hrutmod Ketilholmsson versus Sveinmari Hjoskkelsson:
Hrutmod Ketilholmsson rushes on Sveinmari Hjoskkelsson.
Hrutmod Ketilholmsson blow flew near  Sveinmari Hjoskkelsson.

Sveinmari Hjoskkelsson tries to smash the skull of Hrutmod Ketilholmsson.
Sveinmari Hjoskkelsson strike was dodged by Hrutmod Ketilholmsson.



fem_name_here Torginsdottir versus Garkuld Hiltorsson:
fem_name_here Torginsdottir rushes on Garkuld Hiltorsson.
fem_name_here Torginsdottir attacks were dodged or blocked by Garkuld Hiltorsson.

Garkuld Hiltorsson unleashes a hail of blows on fem_name_here Torginsdottir.
Garkuld Hiltorsson blow flew near  fem_name_here Torginsdottir.



Akgad Ormkjalsson versus Helmulf Audfredsson:
Akgad Ormkjalsson rushes on Helmulf Audfredsson.
Akgad Ormkjalsson strike was parried by Helmulf Audfredsson.

Helmulf Audfredsson tries to smash the skull of Akgad Ormkjalsson.
Helmulf Audfredsson blow reaches Akgad Ormkjalsson.
Akgad Ormkjalsson spits out some blood and laughs.



fem_name_here Skeivhrodsdottir versus fem_name_here Trainolvsdottir:
fem_name_here Skeivhrodsdottir tries to smash the skull of fem_name_here Trainolvsdottir.
fem_name_here Skeivhrodsdottir strike reaches fem_name_here Trainolvsdottir.
fem_name_here Trainolvsdottir spits out a tooth and some blood.

fem_name_here Trainolvsdottir puts all the power in the blow on fem_name_here Skeivhrodsdottir.
fem_name_here Trainolvsdottir blow flew near  fem_name_here Skeivhrodsdottir.



Osvberg Tursverresson versus fem_name_here Trainolvsdottir:
Osvberg Tursverresson tries to smash the skull of fem_name_here Trainolvsdottir.
Osvberg Tursverresson strike was dodged by fem_name_here Trainolvsdottir.

fem_name_here Trainolvsdottir tries to smash the skull of Osvberg Tursverresson.
fem_name_here Trainolvsdottir strike reaches Osvberg Tursverresson.
Osvberg Tursverresson spits out a tooth and some blood.



fem_name_here Gudsursdottir versus fem_name_here Trainolvsdottir:
fem_name_here Gudsursdottir rushes on fem_name_here Trainolvsdottir.
fem_name_here Gudsursdottir manages to hit fem_name_here Trainolvsdottir.
fem_name_here Trainolvsdottir clamps the wound made by that hit.

fem_name_here Trainolvsdottir rushes on fem_name_here Gudsursdottir.
fem_name_here Trainolvsdottir blow hits fem_name_here Gudsursdottir.
fem_name_here Gudsursdottir spits out a tooth and some blood.



Observing the battlefield after 6 round of fight:
Vikings squad:

Enemies squad:
Garkuld Hiltorsson dies;
Helmulf Audfredsson dies;
fem_name_here Trainolvsdottir dies;



Turn 7:
Vikings squad size: 17; Enemies squad size: 1.

fem_name_here Vegadsdottir versus Sveinmari Hjoskkelsson:
fem_name_here Vegadsdottir rushes on Sveinmari Hjoskkelsson.
fem_name_here Vegadsdottir blow hits Sveinmari Hjoskkelsson.
Sveinmari Hjoskkelsson spits out some blood and laughs.

Sveinmari Hjoskkelsson rushes on fem_name_here Vegadsdottir.
Sveinmari Hjoskkelsson strike smashes the ground nearby fem_name_here Vegadsdottir.



fem_name_here Sneversdottir versus Sveinmari Hjoskkelsson:
fem_name_here Sneversdottir rushes on Sveinmari Hjoskkelsson.
fem_name_here Sneversdottir attacks were dodged or blocked by Sveinmari Hjoskkelsson.

Sveinmari Hjoskkelsson rushes on fem_name_here Sneversdottir.
Sveinmari Hjoskkelsson blow flew near  fem_name_here Sneversdottir.



Holmeid Djarvtrandsson versus Sveinmari Hjoskkelsson:
Sveinmari Hjoskkelsson puts all the power in the blow on Holmeid Djarvtrandsson.
Sveinmari Hjoskkelsson strike smashes the ground nearby Holmeid Djarvtrandsson.

Holmeid Djarvtrandsson attempts to cut in half Sveinmari Hjoskkelsson.
Holmeid Djarvtrandsson blow hits Sveinmari Hjoskkelsson.
Sveinmari Hjoskkelsson grimaces in pain. Hit was serious enough to leave a deep cut.



fem_name_here Torginsdottir versus Sveinmari Hjoskkelsson:
Sveinmari Hjoskkelsson puts all the power in the blow on fem_name_here Torginsdottir.
Sveinmari Hjoskkelsson strike was dodged by fem_name_here Torginsdottir.

fem_name_here Torginsdottir rushes on Sveinmari Hjoskkelsson.
fem_name_here Torginsdottir blow flew near  Sveinmari Hjoskkelsson.



fem_name_here Skeivhrodsdottir versus Sveinmari Hjoskkelsson:
fem_name_here Skeivhrodsdottir attempts to cut in half Sveinmari Hjoskkelsson.
fem_name_here Skeivhrodsdottir strike smashes the ground nearby Sveinmari Hjoskkelsson.

Sveinmari Hjoskkelsson unleashes a hail of blows on fem_name_here Skeivhrodsdottir.
Sveinmari Hjoskkelsson strike smashes the ground nearby fem_name_here Skeivhrodsdottir.



Osvberg Tursverresson versus Sveinmari Hjoskkelsson:
Osvberg Tursverresson rushes on Sveinmari Hjoskkelsson.
Osvberg Tursverresson strike smashes the ground nearby Sveinmari Hjoskkelsson.

Sveinmari Hjoskkelsson tries to smash the skull of Osvberg Tursverresson.
Sveinmari Hjoskkelsson attacks were dodged or blocked by Osvberg Tursverresson.



Akgad Ormkjalsson versus Sveinmari Hjoskkelsson:
Sveinmari Hjoskkelsson attempts to cut in half Akgad Ormkjalsson.
Sveinmari Hjoskkelsson blow reaches Akgad Ormkjalsson.
Akgad Ormkjalsson clamps the wound made by that hit.

Akgad Ormkjalsson unleashes a hail of blows on Sveinmari Hjoskkelsson.
Akgad Ormkjalsson strike was dodged by Sveinmari Hjoskkelsson.



fem_name_here Trandvaldsdottir versus Sveinmari Hjoskkelsson:
Sveinmari Hjoskkelsson unleashes a hail of blows on fem_name_here Trandvaldsdottir.
Sveinmari Hjoskkelsson strike was dodged by fem_name_here Trandvaldsdottir.

fem_name_here Trandvaldsdottir unleashes a hail of blows on Sveinmari Hjoskkelsson.
fem_name_here Trandvaldsdottir blow flew near  Sveinmari Hjoskkelsson.



fem_name_here Gudsursdottir versus Sveinmari Hjoskkelsson:
fem_name_here Gudsursdottir rushes on Sveinmari Hjoskkelsson.
fem_name_here Gudsursdottir strike was dodged by Sveinmari Hjoskkelsson.

Sveinmari Hjoskkelsson unleashes a hail of blows on fem_name_here Gudsursdottir.
Sveinmari Hjoskkelsson blow flew near  fem_name_here Gudsursdottir.



fem_name_here Skjoldrjuggsdottir versus Sveinmari Hjoskkelsson:
Sveinmari Hjoskkelsson attempts to cut in half fem_name_here Skjoldrjuggsdottir.
Sveinmari Hjoskkelsson strike reaches fem_name_here Skjoldrjuggsdottir.
fem_name_here Skjoldrjuggsdottir spits out some blood and laughs.

fem_name_here Skjoldrjuggsdottir tries to smash the skull of Sveinmari Hjoskkelsson.
fem_name_here Skjoldrjuggsdottir some strikes reach Sveinmari Hjoskkelsson.
Sveinmari Hjoskkelsson taunts the opponent after taking that hit.



Mjordsvein Holmtjorsson versus Sveinmari Hjoskkelsson:
Sveinmari Hjoskkelsson unleashes a hail of blows on Mjordsvein Holmtjorsson.
Sveinmari Hjoskkelsson some strikes reach Mjordsvein Holmtjorsson.
Mjordsvein Holmtjorsson spits out some blood and laughs.

Mjordsvein Holmtjorsson rushes on Sveinmari Hjoskkelsson.
Mjordsvein Holmtjorsson blow hits Sveinmari Hjoskkelsson.
Sveinmari Hjoskkelsson gets a wide cut from that hit.



Viklambi Hillambisson versus Sveinmari Hjoskkelsson:
Sveinmari Hjoskkelsson tries to smash the skull of Viklambi Hillambisson.
Sveinmari Hjoskkelsson manages to hit Viklambi Hillambisson.
Viklambi Hillambisson taunts the opponent after taking that hit.

Viklambi Hillambisson rushes on Sveinmari Hjoskkelsson.
Viklambi Hillambisson strike was parried by Sveinmari Hjoskkelsson.



fem_name_here Sottjorvisdottir versus Sveinmari Hjoskkelsson:
fem_name_here Sottjorvisdottir tries to smash the skull of Sveinmari Hjoskkelsson.
fem_name_here Sottjorvisdottir blow hits Sveinmari Hjoskkelsson.
Sveinmari Hjoskkelsson grimaces in pain. Hit was serious enough to leave a deep cut.

Sveinmari Hjoskkelsson unleashes a hail of blows on fem_name_here Sottjorvisdottir.
Sveinmari Hjoskkelsson manages to hit fem_name_here Sottjorvisdottir.
fem_name_here Sottjorvisdottir taunts the opponent after taking that hit.



fem_name_here Melklodsdottir versus Sveinmari Hjoskkelsson:
fem_name_here Melklodsdottir tries to smash the skull of Sveinmari Hjoskkelsson.
fem_name_here Melklodsdottir strike smashes the ground nearby Sveinmari Hjoskkelsson.

Sveinmari Hjoskkelsson unleashes a hail of blows on fem_name_here Melklodsdottir.
Sveinmari Hjoskkelsson some strikes reach fem_name_here Melklodsdottir.
fem_name_here Melklodsdottir taunts the opponent after taking that hit.



fem_name_here Egilgunnsdottir versus Sveinmari Hjoskkelsson:
Sveinmari Hjoskkelsson tries to smash the skull of fem_name_here Egilgunnsdottir.
Sveinmari Hjoskkelsson some strikes reach fem_name_here Egilgunnsdottir.
fem_name_here Egilgunnsdottir offers the opponent to try once more.

fem_name_here Egilgunnsdottir tries to smash the skull of Sveinmari Hjoskkelsson.
fem_name_here Egilgunnsdottir blow flew near  Sveinmari Hjoskkelsson.



Hrutmod Ketilholmsson versus Sveinmari Hjoskkelsson:
Hrutmod Ketilholmsson unleashes a hail of blows on Sveinmari Hjoskkelsson.
Hrutmod Ketilholmsson strike smashes the ground nearby Sveinmari Hjoskkelsson.

Sveinmari Hjoskkelsson attempts to cut in half Hrutmod Ketilholmsson.
Sveinmari Hjoskkelsson strike was dodged by Hrutmod Ketilholmsson.



Eihelgi Skeivdorsson versus Sveinmari Hjoskkelsson:
Sveinmari Hjoskkelsson rushes on Eihelgi Skeivdorsson.
Sveinmari Hjoskkelsson strike reaches Eihelgi Skeivdorsson.
Eihelgi Skeivdorsson clamps the wound made by that hit.

Eihelgi Skeivdorsson puts all the power in the blow on Sveinmari Hjoskkelsson.
Eihelgi Skeivdorsson blow reaches Sveinmari Hjoskkelsson.
Sveinmari Hjoskkelsson grimaces in pain. Hit was serious enough to leave a deep cut.



Observing the battlefield after 7 round of fight:
Vikings squad:
Eihelgi Skeivdorsson dies;
Akgad Ormkjalsson dies;

Enemies squad:
Sveinmari Hjoskkelsson dies;



Vikings won!